
--------------------------------------------------------------------------------
A = 20     Z = 8
Ground State = -16.609072


--------------------------------------------------------------------------------
  N	Energy (MeV)	 Ex (MeV)	J pi
0	-16.609072	0.000000	 0+ 
1	-16.585350	0.023722	 0+ 
2	-16.560611	0.048461	 0+ 
3	-16.547730	0.061343	 0+ 
4	-16.514190	0.094882	 0+ 
5	-16.498370	0.110702	 0+ 
6	-16.474131	0.134941	 0+ 
7	-16.442468	0.166605	 0+ 
8	-16.440768	0.168304	 0+ 
9	-16.413207	0.195865	 0+ 
10	-16.362918	0.246154	 0+ 
11	-16.278081	0.330991	 0+ 
12	-16.216219	0.392853	 0+ 
13	-16.005624	0.603448	 0+ 
14	-15.834413	0.774659	 0+ 
15	-15.778096	0.830977	 0+ 
16	-15.771253	0.837819	 0+ 
17	-15.682002	0.927070	 0+ 
18	-15.480010	1.129062	 0+ 
19	-15.474986	1.134086	 0+ 
20	-15.413420	1.195652	 0+ 
21	-15.300995	1.308077	 0+ 
22	-15.255561	1.353511	 0+ 
23	-15.255448	1.353624	 0+ 
24	-15.255081	1.353991	 1/2+ 
25	-15.254480	1.354592	 0+ 
26	-15.254262	1.354810	 0+ 
27	-15.071034	1.538038	 0+ 
28	-15.062492	1.546580	 0+ 
29	-14.882760	1.726312	 0+ 
30	-14.828432	1.780640	 0+ 
31	-14.787918	1.821154	 0+ 
32	-14.738503	1.870569	 0+ 
33	-14.618185	1.990887	 0+ 
34	-14.600886	2.008186	 0+ 
35	-14.589665	2.019407	 0+ 
36	-14.554125	2.054947	 0+ 
37	-14.529350	2.079722	 0+ 
38	-14.524577	2.084495	 0+ 
39	-14.509403	2.099669	 0+ 
40	-14.488811	2.120261	 0+ 
41	-14.477104	2.131968	 0+ 
42	-14.470645	2.138427	 0+ 
43	-14.465886	2.143186	 0+ 
44	-14.446038	2.163034	 0+ 
45	-14.434930	2.174142	 0+ 
46	-14.423024	2.186048	 0+ 
47	-14.287708	2.321364	 0+ 
48	-14.174882	2.434190	 0+ 
49	-14.135963	2.473109	 0+ 
50	-14.063966	2.545106	 0+ 
51	-13.621795	2.987277	 0+ 
52	-13.500921	3.108151	 0+ 
53	-13.450461	3.158611	 0+ 
54	-12.893038	3.716034	 0+ 
55	-12.853893	3.755179	 0+ 
56	-12.835113	3.773959	 0+ 
57	-12.832680	3.776392	 0+ 
58	-12.811786	3.797286	 0+ 
59	-12.810449	3.798623	 0+ 
60	-12.766101	3.842971	 0+ 
61	-12.763981	3.845091	 0+ 
62	-12.632468	3.976604	 0+ 
63	-12.628089	3.980984	 0+ 
64	-12.610653	3.998419	 0+ 
65	-12.577087	4.031985	 0+ 
66	-12.566308	4.042764	 0+ 
67	-12.533443	4.075629	 0+ 
68	-12.400493	4.208579	 0+ 
69	-11.001542	5.607530	 0+ 
70	-10.975953	5.633119	 0+ 
71	-10.964365	5.644707	 0+ 
72	-10.952585	5.656487	 0+ 
73	-10.841488	5.767584	 0+ 
74	-10.827937	5.781135	 0+ 
75	-10.816739	5.792333	 0+ 
76	-10.803315	5.805757	 0+ 
77	-10.762337	5.846735	 0+ 
78	-10.701813	5.907259	 0+ 
79	-10.692494	5.916578	 0+ 
80	-10.680571	5.928501	 0+ 
81	-10.648757	5.960315	 0+ 
82	-10.638048	5.971024	 0+ 
83	-10.616816	5.992256	 0+ 
84	-10.528569	6.080503	 0+ 
85	-10.523203	6.085869	 0+ 
86	-10.516724	6.092348	 0+ 
87	-10.494833	6.114239	 0+ 
88	-10.490005	6.119067	 0+ 
89	-10.484654	6.124418	 0+ 
90	-10.470757	6.138315	 0+ 
91	-10.463900	6.145172	 0+ 
92	-10.460691	6.148381	 0+ 
93	-10.454252	6.154820	 0+ 
94	-10.453897	6.155175	 0+ 
95	-10.447113	6.161959	 0+ 
96	-10.410566	6.198506	 0+ 
97	-10.393743	6.215329	 1/2+ 
98	-10.346645	6.262427	 0+ 
99	-10.345012	6.264060	 0+ 
100	-10.337345	6.271727	 0+ 
101	-10.316619	6.292453	 0+ 
102	-10.293210	6.315862	 0+ 
103	-10.287530	6.321542	 0+ 
104	-10.282493	6.326579	 0+ 
105	-10.277772	6.331300	 0+ 
106	-10.271790	6.337282	 0+ 
107	-10.247783	6.361290	 0+ 
108	-10.243645	6.365427	 0+ 
109	-10.238795	6.370277	 0+ 
110	-10.233753	6.375319	 0+ 
111	-10.164627	6.444445	 0+ 
112	-10.121632	6.487440	 0+ 
113	-10.086105	6.522967	 0+ 
114	-10.019405	6.589667	 0+ 
115	-9.994233	6.614839	 0+ 
116	-9.904072	6.705000	 0+ 
117	-9.798436	6.810636	 0+ 
118	-9.748312	6.860760	 0+ 
119	-9.738916	6.870156	 0+ 
120	-9.732755	6.876317	 0+ 
121	-9.712967	6.896105	 0+ 
122	-9.710176	6.898896	 0+ 
123	-9.662045	6.947027	 0+ 
124	-9.621961	6.987111	 0+ 
125	-9.608522	7.000550	 0+ 
126	-9.590543	7.018529	 0+ 
127	-9.588979	7.020093	 0+ 
128	-9.581140	7.027932	 0+ 
129	-9.578097	7.030975	 0+ 
130	-9.551506	7.057566	 0+ 
131	-9.550525	7.058547	 0+ 
132	-9.548486	7.060586	 0+ 
133	-9.544165	7.064907	 0+ 
134	-9.518757	7.090315	 0+ 
135	-9.472113	7.136960	 0+ 
136	-9.455906	7.153166	 0+ 
137	-9.433882	7.175190	 0+ 
138	-9.414861	7.194211	 0+ 
139	-9.356790	7.252282	 0+ 
140	-9.205295	7.403777	 0+ 
141	-9.202083	7.406990	 0+ 
142	-9.153140	7.455932	 0+ 
143	-9.092417	7.516655	 0+ 
144	-9.074627	7.534445	 0+ 
145	-9.021354	7.587718	 0+ 
146	-8.980655	7.628417	 0+ 
147	-8.976632	7.632440	 0+ 
148	-8.950946	7.658126	 0+ 
149	-8.934790	7.674282	 0+ 
150	-8.930657	7.678415	 0+ 
151	-8.896121	7.712951	 0+ 
152	-8.886417	7.722655	 0+ 
153	-8.878504	7.730568	 0+ 
154	-8.868677	7.740395	 0+ 
155	-8.857657	7.751415	 0+ 
156	-8.847882	7.761190	 1/2+ 
157	-8.829386	7.779686	 0+ 
158	-8.811737	7.797335	 0+ 
159	-8.746379	7.862693	 0+ 
160	-8.739345	7.869727	 0+ 
161	-8.712608	7.896464	 1/2+ 
162	-8.682270	7.926802	 0+ 
163	-8.673597	7.935476	 0+ 
164	-8.634504	7.974568	 0+ 
165	-8.617601	7.991471	 0+ 
166	-8.576130	8.032942	 0+ 
167	-8.554902	8.054170	 0+ 
168	-8.509884	8.099188	 0+ 
169	-8.491644	8.117428	 0+ 
170	-8.489600	8.119472	 0+ 
171	-8.478518	8.130554	 0+ 
172	-8.475156	8.133916	 0+ 
173	-8.462358	8.146714	 0+ 
174	-8.412330	8.196742	 0+ 
175	-8.383272	8.225800	 0+ 
176	-8.375719	8.233353	 0+ 
177	-8.318878	8.290194	 0+ 
178	-8.288176	8.320896	 0+ 
179	-8.268337	8.340735	 0+ 
180	-8.266308	8.342764	 0+ 
181	-8.248039	8.361033	 0+ 
182	-8.246059	8.363013	 0+ 
183	-8.234954	8.374118	 0+ 
184	-8.204177	8.404895	 0+ 
185	-8.186440	8.422633	 0+ 
186	-8.178771	8.430301	 0+ 
187	-8.170107	8.438965	 0+ 
188	-8.118570	8.490502	 0+ 
189	-8.113830	8.495242	 0+ 
190	-8.105209	8.503863	 0+ 
191	-8.078984	8.530089	 0+ 
192	-8.021691	8.587381	 0+ 
193	-8.003009	8.606063	 0+ 
194	-7.972051	8.637021	 0+ 
195	-7.957509	8.651563	 0+ 
196	-7.917932	8.691140	 0+ 
197	-7.910936	8.698136	 0+ 
198	-7.905130	8.703942	 0+ 
199	-7.899838	8.709234	 0+ 
200	-7.890769	8.718303	 0+ 
201	-7.879711	8.729361	 0+ 
202	-7.871964	8.737108	 0+ 
203	-7.858814	8.750258	 0+ 
204	-7.838323	8.770749	 0+ 
205	-7.811461	8.797611	 1/2+ 
206	-7.742313	8.866759	 0+ 
207	-7.731364	8.877708	 0+ 
208	-7.701392	8.907680	 0+ 
209	-7.677990	8.931082	 0+ 
210	-7.639380	8.969692	 0+ 
211	-7.631073	8.977999	 0+ 
212	-7.611688	8.997384	 0+ 
213	-7.583489	9.025583	 0+ 
214	-7.564291	9.044781	 0+ 
215	-7.563576	9.045496	 0+ 
216	-7.558560	9.050512	 0+ 
217	-7.518262	9.090810	 0+ 
218	-7.504266	9.104806	 0+ 
219	-7.494046	9.115026	 0+ 
220	-7.492090	9.116982	 1/2+ 
221	-7.479728	9.129344	 0+ 
222	-7.469129	9.139943	 1/2+ 
223	-7.461147	9.147925	 0+ 
224	-7.459404	9.149668	 0+ 
225	-7.453365	9.155707	 0+ 
226	-7.438760	9.170313	 0+ 
227	-7.435121	9.173951	 0+ 
228	-7.432787	9.176285	 0+ 
229	-7.426477	9.182595	 0+ 
230	-7.423305	9.185767	 0+ 
231	-7.417628	9.191444	 0+ 
232	-7.409563	9.199509	 0+ 
233	-7.403268	9.205804	 0+ 
234	-7.401674	9.207398	 0+ 
235	-7.395596	9.213476	 0+ 
236	-7.383931	9.225141	 0+ 
237	-7.371573	9.237499	 0+ 
238	-7.361035	9.248037	 0+ 
239	-7.350441	9.258632	 0+ 
240	-7.335492	9.273580	 0+ 
241	-7.324695	9.284377	 0+ 
242	-7.320335	9.288737	 0+ 
243	-7.303222	9.305850	 0+ 
244	-7.264440	9.344632	 0+ 
245	-7.215664	9.393408	 0+ 
246	-7.140597	9.468475	 0+ 
247	-7.093317	9.515755	 0+ 
248	-7.032617	9.576455	 0+ 
249	-7.026712	9.582360	 0+ 
250	-6.933470	9.675602	 0+ 
251	-6.890922	9.718150	 0+ 
252	-6.837575	9.771497	 0+ 
253	-6.821397	9.787675	 0+ 
254	-6.702071	9.907001	 0+ 
255	-6.699205	9.909867	 0+ 
256	-6.698288	9.910784	 0+ 
257	-6.696835	9.912237	 0+ 
258	-6.695009	9.914063	 0+ 
259	-6.690429	9.918644	 0+ 
260	-6.690266	9.918806	 0+ 
261	-6.687007	9.922065	 0+ 
262	-6.685724	9.923348	 0+ 
263	-6.684645	9.924427	 0+ 
264	-6.682229	9.926844	 0+ 
265	-6.679900	9.929172	 0+ 
266	-6.679703	9.929369	 0+ 
267	-6.676127	9.932945	 0+ 
268	-6.675864	9.933208	 0+ 
269	-6.655862	9.953211	 0+ 
270	-6.637429	9.971643	 0+ 
271	-6.632475	9.976597	 0+ 
272	-6.614829	9.994243	 0+ 
273	-6.536724	10.072348	 0+ 
274	-6.500135	10.108937	 0+ 
275	-6.436012	10.173060	 0+ 
276	-6.412760	10.196312	 0+ 
277	-6.277553	10.331519	 0+ 
278	-6.192492	10.416580	 0+ 
279	-6.168134	10.440938	 0+ 
280	-6.149941	10.459131	 0+ 
281	-6.143705	10.465367	 0+ 
282	-6.036951	10.572121	 0+ 
283	-5.947392	10.661680	 0+ 
284	-5.751147	10.857925	 0+ 
285	-5.683226	10.925846	 0+ 
286	-5.619621	10.989451	 0+ 
287	-4.700895	11.908177	 0+ 
288	-4.596173	12.012899	 0+ 
289	-4.474551	12.134521	 0+ 
290	-4.438509	12.170563	 0+ 
291	-4.426977	12.182095	 0+ 
292	-4.378841	12.230231	 0+ 
293	-4.318326	12.290746	 0+ 
294	-4.241414	12.367658	 0+ 
295	-4.224003	12.385069	 0+ 
296	-4.222626	12.386446	 0+ 
297	-4.191338	12.417734	 0+ 
298	-4.186715	12.422357	 0+ 
299	-4.131336	12.477736	 0+ 
300	-4.126729	12.482343	 0+ 
301	-4.092338	12.516734	 0+ 
302	-4.050048	12.559024	 0+ 
303	-4.035397	12.573675	 0+ 
304	-3.977021	12.632051	 0+ 
305	-3.935508	12.673564	 0+ 
306	-3.920408	12.688664	 0+ 
307	-3.914241	12.694831	 0+ 
308	-3.807943	12.801129	 0+ 
309	-3.706753	12.902320	 0+ 
310	-3.702748	12.906324	 0+ 
311	-3.562990	13.046082	 0+ 
312	-3.556049	13.053023	 0+ 
313	-3.461054	13.148018	 0+ 
314	-3.457118	13.151954	 0+ 
315	-3.440183	13.168889	 0+ 
316	-3.402085	13.206987	 0+ 
317	-3.284631	13.324441	 0+ 
318	-3.278205	13.330867	 0+ 
319	-3.268084	13.340988	 0+ 
320	-3.254736	13.354336	 0+ 
321	-3.243514	13.365558	 0+ 
322	-3.237684	13.371388	 0+ 
323	-3.201934	13.407138	 0+ 
324	-3.197729	13.411343	 0+ 
325	-3.188096	13.420976	 0+ 
326	-3.118717	13.490355	 0+ 
327	-3.092090	13.516982	 0+ 
328	-3.078150	13.530922	 0+ 
329	-3.064844	13.544228	 0+ 
330	-3.045503	13.563569	 0+ 
331	-3.040465	13.568607	 0+ 
332	-3.039836	13.569236	 0+ 
333	-3.023695	13.585377	 0+ 
334	-3.003797	13.605275	 0+ 
335	-3.002317	13.606755	 0+ 
336	-2.979900	13.629172	 0+ 
337	-2.947203	13.661869	 0+ 
338	-2.916689	13.692383	 0+ 
339	-2.906749	13.702323	 0+ 
340	-2.902266	13.706806	 0+ 
341	-2.865627	13.743445	 0+ 
342	-2.770929	13.838143	 0+ 
343	-2.724653	13.884419	 0+ 
344	-2.690233	13.918839	 0+ 
345	-2.671010	13.938062	 0+ 
346	-2.652951	13.956121	 0+ 
347	-2.478751	14.130321	 0+ 
348	-2.426595	14.182477	 0+ 
349	-2.426338	14.182734	 0+ 
350	-2.386993	14.222079	 0+ 
351	-2.349209	14.259863	 0+ 
352	-2.331527	14.277545	 0+ 
353	-2.310370	14.298702	 0+ 
354	-2.279058	14.330014	 0+ 
355	-2.262098	14.346974	 0+ 
356	-2.242249	14.366823	 0+ 
357	-2.203930	14.405142	 0+ 
358	-2.200732	14.408340	 0+ 
359	-2.180494	14.428578	 0+ 
360	-2.176688	14.432384	 0+ 
361	-2.173092	14.435980	 0+ 
362	-2.166807	14.442265	 0+ 
363	-2.152881	14.456191	 0+ 
364	-2.147084	14.461988	 0+ 
365	-2.146630	14.462442	 0+ 
366	-2.145303	14.463770	 0+ 
367	-2.128656	14.480416	 0+ 
368	-2.110291	14.498781	 0+ 
369	-2.109925	14.499147	 0+ 
370	-2.095097	14.513975	 0+ 
371	-2.091992	14.517080	 0+ 
372	-2.079239	14.529833	 0+ 
373	-2.072389	14.536683	 0+ 
374	-2.069525	14.539547	 0+ 
375	-2.050926	14.558146	 0+ 
376	-2.039960	14.569112	 0+ 
377	-2.019204	14.589868	 0+ 
378	-2.018588	14.590484	 0+ 
379	-1.992438	14.616634	 0+ 
380	-1.989998	14.619074	 0+ 
381	-1.972124	14.636948	 0+ 
382	-1.960912	14.648160	 0+ 
383	-1.957154	14.651918	 0+ 
384	-1.956718	14.652354	 0+ 
385	-1.947242	14.661830	 0+ 
386	-1.941389	14.667683	 0+ 
387	-1.940958	14.668114	 0+ 
388	-1.935383	14.673689	 0+ 
389	-1.927544	14.681528	 0+ 
390	-1.926486	14.682586	 0+ 
391	-1.925058	14.684014	 0+ 
392	-1.910871	14.698201	 0+ 
393	-1.909618	14.699454	 0+ 
394	-1.901650	14.707422	 0+ 
395	-1.901303	14.707769	 1/2+ 
396	-1.891251	14.717821	 0+ 
397	-1.880347	14.728725	 0+ 
398	-1.878560	14.730512	 1/2+ 
399	-1.872747	14.736325	 0+ 
400	-1.869945	14.739127	 0+ 
401	-1.864860	14.744212	 0+ 
402	-1.862046	14.747026	 0+ 
403	-1.855300	14.753772	 0+ 
404	-1.851260	14.757812	 0+ 
405	-1.848161	14.760911	 0+ 
406	-1.847895	14.761177	 0+ 
407	-1.845229	14.763844	 0+ 
408	-1.800843	14.808229	 0+ 
409	-1.796537	14.812535	 0+ 
410	-1.789634	14.819438	 0+ 
411	-1.777884	14.831188	 0+ 
412	-1.748249	14.860823	 0+ 
413	-1.725433	14.883639	 0+ 
414	-1.690929	14.918143	 0+ 
415	-1.648856	14.960216	 0+ 
416	-1.612826	14.996246	 0+ 
417	-1.607182	15.001890	 0+ 
418	-1.582982	15.026090	 0+ 
419	-1.509668	15.099404	 0+ 
420	-1.073135	15.535937	 0+ 
421	-0.887237	15.721835	 0+ 
422	-0.871290	15.737782	 0+ 
423	-0.804272	15.804801	 0+ 
424	-0.801705	15.807367	 0+ 
425	-0.785402	15.823670	 0+ 
426	-0.776508	15.832564	 0+ 
427	-0.757641	15.851431	 0+ 
428	-0.741352	15.867720	 0+ 
429	-0.736918	15.872154	 0+ 
430	-0.715688	15.893384	 0+ 
431	-0.713963	15.895109	 0+ 
432	-0.706219	15.902853	 0+ 
433	-0.704015	15.905057	 0+ 
434	-0.662641	15.946431	 0+ 
435	-0.639434	15.969638	 0+ 
436	-0.592334	16.016738	 0+ 
437	-0.585170	16.023902	 0+ 
438	-0.583650	16.025422	 0+ 
439	-0.566654	16.042418	 0+ 
440	-0.566533	16.042539	 0+ 
441	-0.561086	16.047986	 1/2+ 
442	-0.535592	16.073480	 0+ 
443	-0.517165	16.091907	 0+ 
444	-0.491287	16.117785	 0+ 
445	-0.486988	16.122084	 0+ 
446	-0.470051	16.139021	 0+ 
447	-0.467509	16.141563	 0+ 
448	-0.336635	16.272437	 0+ 
449	-0.302816	16.306256	 0+ 
450	-0.181779	16.427293	 0+ 
451	0.011408	16.620480	 0+ 
452	2.783110	19.392182	 0+ 
453	3.009538	19.618610	 0+ 
454	3.242885	19.851957	 0+ 
455	3.613023	20.222096	 0+ 
456	3.613457	20.222529	 0+ 
457	3.638757	20.247829	 0+ 
458	3.645454	20.254526	 0+ 
459	3.646390	20.255462	 0+ 
460	3.660025	20.269097	 0+ 
461	3.666534	20.275606	 0+ 
462	3.666742	20.275815	 0+ 
463	3.670594	20.279666	 0+ 
464	3.672661	20.281733	 0+ 
465	3.674119	20.283192	 0+ 
466	3.677600	20.286672	 0+ 
467	3.677797	20.286870	 0+ 
468	3.684377	20.293449	 0+ 
469	3.686242	20.295314	 0+ 
470	3.691542	20.300614	 0+ 
471	3.694314	20.303386	 0+ 
472	3.753392	20.362464	 0+ 
473	3.771057	20.380129	 0+ 
474	3.771738	20.380810	 0+ 
475	3.851114	20.460186	 0+ 
476	3.944554	20.553626	 0+ 
477	3.999648	20.608720	 0+ 
478	4.013555	20.622627	 0+ 
479	4.082045	20.691117	 0+ 
480	4.197523	20.806595	 0+ 
481	4.203187	20.812260	 0+ 
482	4.315371	20.924443	 0+ 
483	4.360642	20.969714	 0+ 
484	9.689212	26.298284	 0+ 
