
--------------------------------------------------------------------------------
A = 22     Z = 8
Ground State = -34.497864


--------------------------------------------------------------------------------
  N	Energy (MeV)	 Ex (MeV)	J pi
0	-34.497864	0.000000	 0+ 
1	-31.339946	3.157918	 2+ 
2	-29.735861	4.762003	 0+ 
3	-29.702645	4.795219	 3+ 
4	-28.135304	6.362560	 2+ 
5	-27.764417	6.733447	 4+ 
6	-26.522297	7.975567	 4+ 
7	-26.043547	8.454317	 2+ 
8	-25.996675	8.501189	 3+ 
9	-24.872031	9.625833	 2+ 
10	-24.848713	9.649151	 0+ 
11	-24.340496	10.157368	 1+ 
12	-24.292799	10.205065	 3+ 
13	-23.900445	10.597419	 1+ 
14	-23.802418	10.695446	 2+ 
15	-23.663378	10.834486	 4+ 
16	-23.539379	10.958485	 5+ 
17	-23.379491	11.118373	 4+ 
18	-23.344582	11.153282	 1+ 
19	-22.414925	12.082939	 3+ 
20	-22.360892	12.136972	 0+ 
21	-22.115082	12.382782	 6+ 
22	-22.051630	12.446234	 3+ 
23	-21.870118	12.627746	 2+ 
24	-21.741113	12.756751	 1+ 
25	-21.522677	12.975187	 4+ 
26	-21.358162	13.139702	 5+ 
27	-21.345174	13.152690	 2+ 
28	-21.268092	13.229772	 2+ 
29	-21.127231	13.370633	 6+ 
30	-20.834441	13.663423	 3+ 
31	-20.652863	13.845001	 4+ 
32	-20.544951	13.952913	 2+ 
33	-20.231276	14.266588	 3+ 
34	-20.061251	14.436613	 5+ 
35	-19.985850	14.512014	 0+ 
36	-19.966230	14.531634	 2+ 
37	-19.890249	14.607615	 1+ 
38	-19.877888	14.619976	 4+ 
39	-19.255335	15.242529	 3+ 
40	-19.217833	15.280031	 2+ 
41	-18.796395	15.701469	 6+ 
42	-18.728786	15.769078	 4+ 
43	-18.585568	15.912296	 2+ 
44	-18.384378	16.113486	 3+ 
45	-18.359579	16.138285	 1+ 
46	-18.125405	16.372459	 4+ 
47	-18.102425	16.395439	 3+ 
48	-17.881148	16.616716	 1+ 
49	-17.820740	16.677124	 2+ 
50	-17.261442	17.236422	 1+ 
51	-17.133225	17.364639	 2+ 
52	-17.117992	17.379872	 5+ 
53	-17.046083	17.451781	 4+ 
54	-16.782262	17.715602	 3+ 
55	-16.644250	17.853614	 4+ 
56	-16.491979	18.005885	 0+ 
57	-16.485732	18.012132	 6+ 
58	-16.478765	18.019099	 3+ 
59	-16.340554	18.157310	 0+ 
60	-16.198788	18.299076	 4+ 
61	-15.964055	18.533809	 5+ 
62	-15.776878	18.720986	 3+ 
63	-15.708692	18.789172	 4+ 
64	-15.491124	19.006740	 3+ 
65	-15.453909	19.043955	 2+ 
66	-15.124648	19.373216	 4+ 
67	-15.029436	19.468428	 1+ 
68	-15.015969	19.481895	 2+ 
69	-14.892555	19.605309	 1+ 
70	-14.886200	19.611664	 5+ 
71	-14.790705	19.707159	 0+ 
72	-14.763252	19.734612	 2+ 
73	-14.714082	19.783782	 4+ 
74	-14.663999	19.833865	 7+ 
75	-14.370455	20.127409	 3+ 
76	-14.253085	20.244779	 2+ 
77	-14.181039	20.316825	 6+ 
78	-14.046350	20.451514	 2+ 
79	-13.972929	20.524935	 5+ 
80	-13.735074	20.762790	 4+ 
81	-13.679075	20.818789	 3+ 
82	-13.614433	20.883431	 1+ 
83	-13.558265	20.939599	 0+ 
84	-13.352466	21.145398	 3+ 
85	-13.320406	21.177458	 2+ 
86	-13.265948	21.231916	 4+ 
87	-13.226519	21.271345	 2+ 
88	-13.137023	21.360842	 6+ 
89	-13.122631	21.375233	 1+ 
90	-12.826532	21.671332	 2+ 
91	-12.797183	21.700681	 5+ 
92	-12.362759	22.135105	 3+ 
93	-12.336347	22.161517	 4+ 
94	-12.094100	22.403764	 2+ 
95	-11.961471	22.536393	 3+ 
96	-11.941362	22.556502	 5+ 
97	-11.613860	22.884004	 3+ 
98	-11.513240	22.984624	 4+ 
99	-11.275371	23.222493	 1+ 
100	-11.207339	23.290525	 0+ 
101	-11.105567	23.392297	 4+ 
102	-11.088325	23.409539	 2+ 
103	-10.870483	23.627381	 6+ 
104	-10.869626	23.628238	 2+ 
105	-10.644897	23.852967	 3+ 
106	-10.395955	24.101909	 5+ 
107	-10.280638	24.217226	 1+ 
108	-10.234551	24.263313	 2+ 
109	-10.206358	24.291506	 3+ 
110	-9.397007	25.100857	 0+ 
111	-8.784519	25.713345	 5+ 
112	-8.767753	25.730111	 2+ 
113	-8.485159	26.012705	 4+ 
114	-8.442696	26.055168	 3+ 
115	-8.397063	26.100801	 1+ 
116	-8.369442	26.128422	 4+ 
117	-7.968898	26.528966	 2+ 
118	-7.967950	26.529914	 1+ 
119	-7.896196	26.601668	 0+ 
120	-7.775729	26.722135	 4+ 
121	-7.749677	26.748187	 3+ 
122	-7.414943	27.082921	 3+ 
123	-6.861712	27.636152	 3+ 
124	-6.821517	27.676347	 1+ 
125	-6.510823	27.987041	 4+ 
126	-6.316129	28.181735	 2+ 
127	-6.287183	28.210681	 6+ 
128	-6.098088	28.399776	 5+ 
129	-5.819979	28.677885	 2+ 
130	-5.560040	28.937824	 1+ 
131	-5.343870	29.153994	 3+ 
132	-4.802717	29.695147	 0+ 
133	-4.760450	29.737414	 2+ 
134	-4.668880	29.828984	 4+ 
135	-3.569618	30.928246	 2+ 
136	-3.412649	31.085215	 1+ 
137	-2.963002	31.534862	 3+ 
138	-2.503645	31.994219	 4+ 
139	-0.855370	33.642494	 2+ 
140	0.221515	34.719379	 0+ 
141	2.494746	36.992610	 3+ 
