
--------------------------------------------------------------------------------
A = 19     Z = 8
Ground State = -15.955814


--------------------------------------------------------------------------------
  N	Energy (MeV)	 Ex (MeV)	J pi
0	-15.955814	0.000000	 5/2+ 
1	-15.837726	0.118088	 3/2+ 
2	-14.389121	1.566693	 1/2+ 
3	-13.586119	2.369696	 9/2+ 
4	-13.072392	2.883422	 7/2+ 
5	-12.739985	3.215830	 5/2+ 
6	-12.153422	3.802392	 3/2+ 
7	-10.858680	5.097134	 9/2+ 
8	-10.759319	5.196495	 5/2+ 
9	-9.874981	6.080833	 3/2+ 
10	-8.757723	7.198091	 7/2+ 
11	-8.094951	7.860863	 1/2+ 
12	-8.087613	7.868201	 5/2+ 
13	-7.970028	7.985786	 11/2+ 
14	-7.118218	8.837596	 3/2+ 
15	-6.499735	9.456079	 7/2+ 
16	-6.361111	9.594704	 5/2+ 
17	-6.183602	9.772212	 9/2+ 
18	-5.596887	10.358928	 3/2+ 
19	-5.247293	10.708521	 9/2+ 
20	-5.210660	10.745154	 7/2+ 
21	-5.155283	10.800531	 5/2+ 
22	-4.712772	11.243043	 1/2+ 
23	-4.676388	11.279426	 3/2+ 
24	-4.001457	11.954357	 5/2+ 
25	-3.378670	12.577144	 3/2+ 
26	-3.347778	12.608036	 7/2+ 
27	-1.363200	14.592614	 5/2+ 
28	-0.854423	15.101391	 9/2+ 
29	-0.392106	15.563708	 7/2+ 
30	0.104996	16.060811	 1/2+ 
31	0.755102	16.710917	 1/2+ 
32	1.400503	17.356317	 3/2+ 
33	1.410300	17.366114	 5/2+ 
34	1.688808	17.644622	 5/2+ 
35	2.036799	17.992614	 3/2+ 
36	5.946034	21.901848	 3/2+ 
