
--------------------------------------------------------------------------------
A = 20     Z = 8
Ground State = -23.632080


--------------------------------------------------------------------------------
  N	Energy (MeV)	 Ex (MeV)	J pi
0	-23.632080	0.000000	 0+ 
1	-21.885992	1.746088	 2+ 
2	-20.013361	3.618719	 4+ 
3	-19.477707	4.154374	 2+ 
4	-18.517785	5.114295	 1+ 
5	-18.475083	5.156997	 2+ 
6	-18.363379	5.268701	 4+ 
7	-18.280205	5.351876	 3+ 
8	-18.254459	5.377621	 0+ 
9	-16.247866	7.384215	 4+ 
10	-16.163200	7.468881	 5+ 
11	-15.455352	8.176729	 2+ 
12	-15.051820	8.580261	 4+ 
13	-14.996125	8.635955	 2+ 
14	-14.864612	8.767469	 3+ 
15	-13.962549	9.669531	 0+ 
16	-13.524326	10.107755	 1+ 
17	-13.520097	10.111984	 2+ 
18	-13.240822	10.391258	 6+ 
19	-13.229274	10.402807	 3+ 
20	-12.507871	11.124209	 2+ 
21	-12.313583	11.318498	 5+ 
22	-12.231169	11.400912	 1+ 
23	-11.991014	11.641066	 5+ 
24	-11.849290	11.782790	 1+ 
25	-11.637108	11.994972	 4+ 
26	-11.425566	12.206514	 3+ 
27	-11.266780	12.365300	 3+ 
28	-11.121579	12.510501	 2+ 
29	-11.070192	12.561888	 0+ 
30	-10.930043	12.702037	 4+ 
31	-10.714363	12.917718	 4+ 
32	-10.544144	13.087936	 3+ 
33	-10.450528	13.181552	 1+ 
34	-10.304960	13.327121	 6+ 
35	-10.205150	13.426931	 2+ 
36	-9.862126	13.769954	 2+ 
37	-9.594756	14.037325	 4+ 
38	-9.532840	14.099240	 3+ 
39	-9.359326	14.272754	 0+ 
40	-9.140783	14.491297	 1+ 
41	-8.622901	15.009180	 3+ 
42	-8.548831	15.083249	 2+ 
43	-8.490577	15.141503	 5+ 
44	-8.186427	15.445653	 2+ 
45	-7.814214	15.817866	 3+ 
46	-7.713407	15.918674	 4+ 
47	-7.516622	16.115458	 1+ 
48	-7.150471	16.481609	 4+ 
49	-6.934264	16.697816	 2+ 
50	-6.459197	17.172884	 6+ 
51	-6.305469	17.326611	 2+ 
52	-6.263889	17.368191	 4+ 
53	-5.826018	17.806062	 3+ 
54	-5.351385	18.280696	 1+ 
55	-5.132763	18.499317	 5+ 
56	-5.006560	18.625520	 2+ 
57	-4.905958	18.726122	 0+ 
58	-4.683962	18.948118	 4+ 
59	-4.180133	19.451948	 3+ 
60	-4.043240	19.588841	 0+ 
61	-3.507839	20.124242	 2+ 
62	-3.492362	20.139718	 4+ 
63	-3.229710	20.402370	 3+ 
64	-2.984467	20.647613	 3+ 
65	-2.953048	20.679032	 1+ 
66	-2.904056	20.728025	 5+ 
67	-2.885461	20.746620	 2+ 
68	-2.318736	21.313344	 4+ 
69	-2.228469	21.403612	 2+ 
70	-2.102655	21.529426	 0+ 
71	-1.113920	22.518160	 1+ 
72	-0.359863	23.272217	 2+ 
73	-0.331668	23.300412	 3+ 
74	0.912978	24.545058	 4+ 
75	1.365525	24.997605	 3+ 
76	1.826145	25.458225	 2+ 
77	3.481009	27.113090	 2+ 
78	4.029488	27.661568	 1+ 
79	4.163011	27.795091	 1+ 
80	7.643479	31.275560	 0+ 
