
--------------------------------------------------------------------------------
A = 21     Z = 8
Ground State = -27.404367


--------------------------------------------------------------------------------
  N	Energy (MeV)	 Ex (MeV)	J pi
0	-27.404367	0.000000	 5/2+ 
1	-26.029215	1.375152	 1/2+ 
2	-25.406154	1.998213	 3/2+ 
3	-24.439452	2.964915	 7/2+ 
4	-24.340788	3.063579	 5/2+ 
5	-22.587763	4.816604	 9/2+ 
6	-22.242857	5.161509	 5/2+ 
7	-22.071984	5.332383	 3/2+ 
8	-21.562522	5.841845	 9/2+ 
9	-21.528858	5.875509	 3/2+ 
10	-20.972928	6.431439	 1/2+ 
11	-20.891690	6.512676	 7/2+ 
12	-20.249851	7.154516	 5/2+ 
13	-19.500077	7.904290	 11/2+ 
14	-18.980083	8.424284	 3/2+ 
15	-18.865760	8.538607	 9/2+ 
16	-18.249300	9.155067	 7/2+ 
17	-18.205665	9.198702	 5/2+ 
18	-17.859815	9.544552	 5/2+ 
19	-17.718052	9.686315	 3/2+ 
20	-17.714991	9.689376	 7/2+ 
21	-17.640650	9.763717	 11/2+ 
22	-17.590905	9.813462	 9/2+ 
23	-17.312897	10.091470	 7/2+ 
24	-17.153005	10.251362	 1/2+ 
25	-16.951908	10.452459	 3/2+ 
26	-16.869940	10.534427	 9/2+ 
27	-16.822403	10.581964	 5/2+ 
28	-16.491501	10.912865	 5/2+ 
29	-16.390763	11.013603	 1/2+ 
30	-16.361780	11.042587	 3/2+ 
31	-16.249635	11.154732	 5/2+ 
32	-15.974631	11.429736	 3/2+ 
33	-15.815335	11.589032	 13/2+ 
34	-15.757509	11.646858	 7/2+ 
35	-15.585065	11.819302	 11/2+ 
36	-15.581232	11.823135	 1/2+ 
37	-15.442101	11.962266	 7/2+ 
38	-15.354581	12.049785	 5/2+ 
39	-14.714336	12.690031	 3/2+ 
40	-14.550829	12.853538	 7/2+ 
41	-14.532729	12.871638	 5/2+ 
42	-14.388141	13.016226	 11/2+ 
43	-14.360606	13.043761	 9/2+ 
44	-14.221135	13.183232	 3/2+ 
45	-13.777360	13.627007	 7/2+ 
46	-13.724724	13.679643	 5/2+ 
47	-13.528844	13.875523	 9/2+ 
48	-13.505239	13.899128	 1/2+ 
49	-13.313859	14.090508	 9/2+ 
50	-13.199767	14.204599	 7/2+ 
51	-13.182314	14.222053	 5/2+ 
52	-12.856029	14.548338	 7/2+ 
53	-12.597775	14.806592	 3/2+ 
54	-12.583812	14.820555	 7/2+ 
55	-12.327477	15.076890	 13/2+ 
56	-12.214885	15.189482	 3/2+ 
57	-11.909077	15.495290	 1/2+ 
58	-11.730626	15.673741	 1/2+ 
59	-11.662333	15.742034	 5/2+ 
60	-11.631370	15.772997	 9/2+ 
61	-10.923203	16.481164	 5/2+ 
62	-10.811846	16.592521	 3/2+ 
63	-10.755252	16.649115	 7/2+ 
64	-10.683306	16.721061	 5/2+ 
65	-10.607122	16.797245	 11/2+ 
66	-10.448075	16.956292	 11/2+ 
67	-10.335887	17.068480	 9/2+ 
68	-10.179892	17.224475	 1/2+ 
69	-10.068560	17.335806	 3/2+ 
70	-9.697096	17.707271	 9/2+ 
71	-9.688131	17.716236	 5/2+ 
72	-9.638839	17.765528	 7/2+ 
73	-9.474536	17.929831	 3/2+ 
74	-9.283932	18.120435	 3/2+ 
75	-9.255900	18.148467	 9/2+ 
76	-9.189313	18.215054	 5/2+ 
77	-9.188401	18.215966	 7/2+ 
78	-8.564139	18.840227	 13/2+ 
79	-8.510653	18.893714	 13/2+ 
80	-8.397667	19.006700	 5/2+ 
81	-8.261826	19.142541	 9/2+ 
82	-7.944840	19.459527	 7/2+ 
83	-7.913386	19.490981	 9/2+ 
84	-7.783805	19.620562	 3/2+ 
85	-7.641102	19.763265	 5/2+ 
86	-7.464795	19.939572	 1/2+ 
87	-7.361381	20.042985	 3/2+ 
88	-7.296404	20.107963	 1/2+ 
89	-7.211341	20.193026	 11/2+ 
90	-7.096936	20.307431	 7/2+ 
91	-7.055895	20.348472	 5/2+ 
92	-6.282992	21.121375	 3/2+ 
93	-5.885719	21.518648	 5/2+ 
94	-5.837448	21.566919	 1/2+ 
95	-5.657901	21.746466	 9/2+ 
96	-5.610186	21.794181	 7/2+ 
97	-5.486996	21.917371	 7/2+ 
98	-5.436535	21.967832	 3/2+ 
99	-5.086650	22.317717	 5/2+ 
100	-4.643514	22.760853	 11/2+ 
101	-4.615891	22.788476	 5/2+ 
102	-4.443426	22.960941	 9/2+ 
103	-4.211819	23.192547	 1/2+ 
104	-3.589919	23.814448	 3/2+ 
105	-3.054420	24.349947	 7/2+ 
106	-2.779853	24.624514	 7/2+ 
107	-2.669831	24.734536	 5/2+ 
108	-2.074113	25.330253	 3/2+ 
109	-1.095496	26.308871	 3/2+ 
110	-1.004665	26.399702	 5/2+ 
111	-0.942804	26.461563	 1/2+ 
112	-0.608647	26.795720	 9/2+ 
113	-0.041047	27.363320	 7/2+ 
114	0.461514	27.865881	 5/2+ 
115	2.581537	29.985903	 3/2+ 
116	3.279355	30.683721	 5/2+ 
117	5.941942	33.346308	 1/2+ 
