
--------------------------------------------------------------------------------
A = 23     Z = 8
Ground State = -37.078574


--------------------------------------------------------------------------------
  N	Energy (MeV)	 Ex (MeV)	J pi
0	-37.078574	0.000000	 1/2+ 
1	-34.485672	2.592902	 5/2+ 
2	-33.077579	4.000995	 3/2+ 
3	-30.136038	6.942536	 5/2+ 
4	-30.068001	7.010573	 7/2+ 
5	-30.044372	7.034202	 3/2+ 
6	-29.128761	7.949813	 9/2+ 
7	-28.501309	8.577265	 7/2+ 
8	-28.399468	8.679106	 5/2+ 
9	-28.277626	8.800948	 3/2+ 
10	-28.240818	8.837756	 1/2+ 
11	-27.239971	9.838603	 7/2+ 
12	-27.106923	9.971651	 11/2+ 
13	-26.999928	10.078646	 1/2+ 
14	-26.812236	10.266338	 5/2+ 
15	-26.736158	10.342416	 9/2+ 
16	-26.417199	10.661375	 3/2+ 
17	-26.202337	10.876237	 5/2+ 
18	-25.566523	11.512051	 7/2+ 
19	-25.460541	11.618033	 9/2+ 
20	-25.339391	11.739183	 3/2+ 
21	-25.164895	11.913679	 7/2+ 
22	-24.926101	12.152473	 1/2+ 
23	-24.505253	12.573321	 3/2+ 
24	-24.490258	12.588316	 5/2+ 
25	-23.944939	13.133635	 5/2+ 
26	-23.646511	13.432063	 1/2+ 
27	-23.330758	13.747816	 7/2+ 
28	-23.166286	13.912288	 5/2+ 
29	-23.029160	14.049414	 3/2+ 
30	-22.581017	14.497557	 11/2+ 
31	-22.540664	14.537910	 9/2+ 
32	-22.448914	14.629660	 7/2+ 
33	-22.410877	14.667697	 5/2+ 
34	-22.289485	14.789089	 3/2+ 
35	-21.822383	15.256191	 5/2+ 
36	-21.705811	15.372763	 3/2+ 
37	-21.574600	15.503974	 9/2+ 
38	-21.426713	15.651861	 13/2+ 
39	-21.114333	15.964241	 7/2+ 
40	-21.031762	16.046812	 5/2+ 
41	-20.975093	16.103481	 1/2+ 
42	-20.879505	16.199069	 7/2+ 
43	-20.791826	16.286748	 9/2+ 
44	-20.768797	16.309777	 3/2+ 
45	-20.449390	16.629184	 5/2+ 
46	-20.200852	16.877722	 9/2+ 
47	-20.143752	16.934822	 5/2+ 
48	-20.113485	16.965089	 13/2+ 
49	-19.978487	17.100087	 3/2+ 
50	-19.961670	17.116904	 11/2+ 
51	-19.567113	17.511461	 7/2+ 
52	-19.544183	17.534391	 9/2+ 
53	-19.463398	17.615175	 7/2+ 
54	-19.367270	17.711304	 3/2+ 
55	-19.318836	17.759738	 1/2+ 
56	-19.093933	17.984641	 3/2+ 
57	-18.684838	18.393736	 5/2+ 
58	-18.650746	18.427828	 9/2+ 
59	-18.519126	18.559448	 7/2+ 
60	-18.507408	18.571166	 3/2+ 
61	-18.439874	18.638700	 11/2+ 
62	-18.196110	18.882464	 1/2+ 
63	-18.108146	18.970428	 7/2+ 
64	-18.036803	19.041771	 5/2+ 
65	-17.951507	19.127066	 5/2+ 
66	-17.871229	19.207345	 9/2+ 
67	-17.784704	19.293870	 11/2+ 
68	-17.350380	19.728194	 3/2+ 
69	-17.240725	19.837849	 5/2+ 
70	-16.981236	20.097338	 1/2+ 
71	-16.753297	20.325277	 7/2+ 
72	-16.677922	20.400652	 9/2+ 
73	-16.604645	20.473929	 1/2+ 
74	-16.151470	20.927103	 3/2+ 
75	-15.821914	21.256660	 5/2+ 
76	-15.566838	21.511736	 7/2+ 
77	-15.258757	21.819817	 5/2+ 
78	-15.102664	21.975910	 5/2+ 
79	-14.967495	22.111079	 11/2+ 
80	-14.904667	22.173907	 7/2+ 
81	-14.785780	22.292794	 3/2+ 
82	-14.737428	22.341146	 9/2+ 
83	-14.516943	22.561631	 7/2+ 
84	-14.475035	22.603539	 9/2+ 
85	-14.337717	22.740857	 1/2+ 
86	-14.181676	22.896898	 1/2+ 
87	-14.121312	22.957262	 5/2+ 
88	-14.033286	23.045288	 3/2+ 
89	-13.759120	23.319454	 5/2+ 
90	-13.355098	23.723476	 7/2+ 
91	-13.149406	23.929168	 3/2+ 
92	-13.014984	24.063590	 3/2+ 
93	-12.972569	24.106005	 13/2+ 
94	-12.953043	24.125531	 5/2+ 
95	-12.871464	24.207110	 7/2+ 
96	-12.767216	24.311358	 11/2+ 
97	-12.327416	24.751158	 5/2+ 
98	-12.038374	25.040200	 9/2+ 
99	-11.997380	25.081194	 7/2+ 
100	-11.967961	25.110613	 11/2+ 
101	-11.935919	25.142655	 1/2+ 
102	-11.344489	25.734085	 5/2+ 
103	-11.293771	25.784803	 3/2+ 
104	-10.824819	26.253755	 9/2+ 
105	-10.739670	26.338904	 7/2+ 
106	-10.680479	26.398095	 1/2+ 
107	-10.388623	26.689951	 5/2+ 
108	-10.205078	26.873496	 3/2+ 
109	-9.572399	27.506175	 3/2+ 
110	-9.354572	27.724002	 7/2+ 
111	-8.872722	28.205852	 5/2+ 
112	-8.850522	28.228052	 9/2+ 
113	-6.575283	30.503291	 1/2+ 
114	-6.504879	30.573695	 7/2+ 
115	-6.321710	30.756864	 3/2+ 
116	-5.531290	31.547284	 5/2+ 
117	-4.228221	32.850353	 5/2+ 
118	-3.637209	33.441365	 9/2+ 
