
--------------------------------------------------------------------------------
A = 24     Z = 8
Ground State = -41.225304


--------------------------------------------------------------------------------
  N	Energy (MeV)	 Ex (MeV)	J pi
0	-41.225304	0.000000	 0+ 
1	-36.182495	5.042809	 2+ 
2	-35.266410	5.958894	 1+ 
3	-33.680865	7.544439	 0+ 
4	-33.620494	7.604810	 4+ 
5	-33.250498	7.974806	 2+ 
6	-33.166112	8.059192	 3+ 
7	-31.732334	9.492970	 2+ 
8	-31.190415	10.034888	 1+ 
9	-30.416066	10.809238	 2+ 
10	-29.163067	12.062237	 3+ 
11	-29.108123	12.117180	 4+ 
12	-28.984922	12.240382	 0+ 
13	-28.551257	12.674047	 3+ 
14	-28.349290	12.876014	 0+ 
15	-28.250486	12.974818	 5+ 
16	-27.847776	13.377528	 2+ 
17	-27.724388	13.500916	 1+ 
18	-27.503102	13.722201	 4+ 
19	-27.191534	14.033770	 2+ 
20	-26.684188	14.541116	 4+ 
21	-26.394888	14.830416	 6+ 
22	-26.089054	15.136249	 2+ 
23	-26.056254	15.169050	 4+ 
24	-25.889360	15.335944	 1+ 
25	-25.846468	15.378836	 3+ 
26	-25.622241	15.603063	 2+ 
27	-25.382641	15.842663	 4+ 
28	-25.316574	15.908730	 2+ 
29	-24.890360	16.334944	 3+ 
30	-24.834628	16.390676	 5+ 
31	-24.386187	16.839116	 1+ 
32	-24.099175	17.126128	 4+ 
33	-23.694672	17.530632	 3+ 
34	-23.506059	17.719245	 2+ 
35	-23.111387	18.113917	 3+ 
36	-22.697085	18.528219	 0+ 
37	-22.609088	18.616216	 1+ 
38	-22.605658	18.619645	 2+ 
39	-22.292379	18.932925	 2+ 
40	-22.017336	19.207968	 3+ 
41	-21.813958	19.411346	 5+ 
42	-21.784879	19.440425	 2+ 
43	-21.762922	19.462382	 1+ 
44	-21.069709	20.155595	 4+ 
45	-20.882054	20.343250	 3+ 
46	-20.696961	20.528343	 4+ 
47	-20.549756	20.675547	 0+ 
48	-20.401883	20.823421	 6+ 
49	-20.083301	21.142002	 1+ 
50	-19.582975	21.642329	 2+ 
51	-19.366185	21.859119	 3+ 
52	-19.329324	21.895980	 4+ 
53	-19.155392	22.069912	 5+ 
54	-19.074528	22.150775	 2+ 
55	-18.906174	22.319129	 3+ 
56	-18.711688	22.513616	 6+ 
57	-18.532819	22.692485	 0+ 
58	-18.357645	22.867659	 2+ 
59	-18.278166	22.947137	 1+ 
60	-18.058802	23.166502	 0+ 
61	-18.020508	23.204796	 5+ 
62	-17.963076	23.262228	 3+ 
63	-17.669321	23.555982	 2+ 
64	-17.610963	23.614341	 4+ 
65	-17.288086	23.937217	 2+ 
66	-17.220093	24.005211	 1+ 
67	-16.728474	24.496830	 3+ 
68	-16.499897	24.725407	 4+ 
69	-15.798767	25.426536	 4+ 
70	-15.386625	25.838679	 1+ 
71	-15.162103	26.063200	 3+ 
72	-13.729027	27.496277	 2+ 
73	-13.413621	27.811683	 1+ 
74	-13.055063	28.170240	 4+ 
75	-12.619999	28.605305	 2+ 
76	-12.197618	29.027686	 3+ 
77	-12.010924	29.214380	 0+ 
78	-10.613034	30.612270	 2+ 
79	-10.549628	30.675676	 5+ 
80	-10.344315	30.880989	 4+ 
