
--------------------------------------------------------------------------------
A = 25     Z = 8
Ground State = -39.921763


--------------------------------------------------------------------------------
  N	Energy (MeV)	 Ex (MeV)	J pi
0	-39.921763	0.000000	 3/2+ 
1	-36.585536	3.336227	 1/2+ 
2	-35.101387	4.820376	 5/2+ 
3	-34.025576	5.896187	 3/2+ 
4	-33.831918	6.089845	 5/2+ 
5	-32.539401	7.382362	 9/2+ 
6	-32.428048	7.493715	 7/2+ 
7	-31.431860	8.489903	 3/2+ 
8	-31.264252	8.657511	 1/2+ 
9	-30.580247	9.341516	 3/2+ 
10	-30.541224	9.380539	 5/2+ 
11	-28.794641	11.127122	 7/2+ 
12	-28.058093	11.863670	 9/2+ 
13	-27.837250	12.084513	 3/2+ 
14	-27.497058	12.424705	 1/2+ 
15	-27.201434	12.720329	 5/2+ 
16	-26.269068	13.652695	 3/2+ 
17	-26.053106	13.868657	 7/2+ 
18	-25.820746	14.101017	 5/2+ 
19	-25.655788	14.265975	 11/2+ 
20	-25.400677	14.521086	 7/2+ 
21	-25.301166	14.620597	 5/2+ 
22	-25.158162	14.763601	 3/2+ 
23	-24.389834	15.531929	 9/2+ 
24	-23.832450	16.089313	 5/2+ 
25	-23.810693	16.111070	 1/2+ 
26	-23.086731	16.835032	 3/2+ 
27	-22.980561	16.941202	 5/2+ 
28	-22.616361	17.305402	 7/2+ 
29	-20.743356	19.178407	 3/2+ 
30	-20.662837	19.258926	 1/2+ 
31	-20.050671	19.871092	 7/2+ 
32	-19.534107	20.387656	 5/2+ 
33	-18.109362	21.812401	 9/2+ 
34	-17.720686	22.201077	 5/2+ 
35	-17.436535	22.485228	 3/2+ 
36	-16.847927	23.073836	 9/2+ 
